\BOOKMARK [0][-]{Doc-Start}{ABSTRAK}{}% 1
\BOOKMARK [0][-]{Doc-Start}{ABSTRACT}{}% 2
\BOOKMARK [0][-]{chapter*.1}{Kata\040Pengantar}{}% 3
\BOOKMARK [0][-]{chapter*.3}{DAFTAR\040ISI}{}% 4
\BOOKMARK [0][-]{chapter*.4}{DAFTAR\040TABEL}{}% 5
\BOOKMARK [0][-]{chapter*.5}{DAFTAR\040GAMBAR}{}% 6
\BOOKMARK [0][-]{chapter*.6}{DAFTAR\040KODE\040SUMBER}{}% 7
\BOOKMARK [0][-]{chapter.1}{PENDAHULUAN}{}% 8
\BOOKMARK [1][-]{section.1.1}{Latar\040Belakang}{chapter.1}% 9
\BOOKMARK [1][-]{section.1.2}{Rumusan\040Masalah}{chapter.1}% 10
\BOOKMARK [1][-]{section.1.3}{Batasan\040Masalah}{chapter.1}% 11
\BOOKMARK [1][-]{section.1.4}{Tujuan}{chapter.1}% 12
\BOOKMARK [1][-]{section.1.5}{Manfaat}{chapter.1}% 13
\BOOKMARK [0][-]{chapter.2}{TINJAUAN\040PUSTAKA}{}% 14
\BOOKMARK [1][-]{section.2.1}{Publish/subscribe}{chapter.2}% 15
\BOOKMARK [1][-]{section.2.2}{Websocket}{chapter.2}% 16
\BOOKMARK [1][-]{section.2.3}{SNMP}{chapter.2}% 17
\BOOKMARK [0][-]{chapter.3}{DESAIN\040DAN\040PERANCANGAN}{}% 18
\BOOKMARK [1][-]{section.3.1}{Kasus\040Penggunaan}{chapter.3}% 19
\BOOKMARK [1][-]{section.3.2}{Arsitektur\040Sistem}{chapter.3}% 20
\BOOKMARK [2][-]{subsection.3.2.1}{Desain\040Umum\040Sistem}{section.3.2}% 21
\BOOKMARK [2][-]{subsection.3.2.2}{Desain\040Load\040Balancer}{section.3.2}% 22
\BOOKMARK [2][-]{subsection.3.2.3}{Desain\040Private\040Docker\040Registry}{section.3.2}% 23
\BOOKMARK [2][-]{subsection.3.2.4}{Desain\040Server\040Controller}{section.3.2}% 24
\BOOKMARK [2][-]{subsection.3.2.5}{Desain\040Master\040Host}{section.3.2}% 25
\BOOKMARK [2][-]{subsection.3.2.6}{Desain\040Dasbor}{section.3.2}% 26
\BOOKMARK [0][-]{chapter.4}{IMPLEMENTASI}{}% 27
\BOOKMARK [1][-]{section.4.1}{Lingkungan\040Implementasi}{chapter.4}% 28
\BOOKMARK [1][-]{section.4.2}{Implementasi\040Docker\040Registry}{chapter.4}% 29
\BOOKMARK [2][-]{subsection.4.2.1}{Pengaturan\040Notification}{section.4.2}% 30
\BOOKMARK [2][-]{subsection.4.2.2}{Melakukan\040Akses\040Terhadap\040Docker\040Registry}{section.4.2}% 31
\BOOKMARK [2][-]{subsection.4.2.3}{Menambahkan\040dan\040memperbarui\040aplikasi}{section.4.2}% 32
\BOOKMARK [1][-]{section.4.3}{Implementasi\040Master\040Host}{chapter.4}% 33
\BOOKMARK [1][-]{section.4.4}{Implementasi\040Server\040Controller}{chapter.4}% 34
\BOOKMARK [2][-]{subsection.4.4.1}{Endpoint\040Docker\040Regsitry}{section.4.4}% 35
\BOOKMARK [2][-]{subsection.4.4.2}{Skema\040Basis\040Data\040Controller\040Menggunakan\040MySQL}{section.4.4}% 36
\BOOKMARK [2][-]{subsection.4.4.3}{Menambahkan\040dan\040Menghapus\040Domain}{section.4.4}% 37
\BOOKMARK [2][-]{subsection.4.4.4}{Implementasi\040Task\040Queue\040Menggunakan\040Redis}{section.4.4}% 38
\BOOKMARK [2][-]{subsection.4.4.5}{Penyimpanan\040Konfigurasi\040Load\040Balancer\040pada\040etcd}{section.4.4}% 39
\BOOKMARK [2][-]{subsection.4.4.6}{Implementasi\040Program\040Monitoring\040HAProxy}{section.4.4}% 40
\BOOKMARK [2][-]{subsection.4.4.7}{Implementasi\040Program\040Monitoring\040Server\040Master}{section.4.4}% 41
\BOOKMARK [2][-]{subsection.4.4.8}{Implementasi\040Pengendali\040Elastasitas}{section.4.4}% 42
\BOOKMARK [2][-]{subsection.4.4.9}{Implementasi\040Endpoint\040Dasbor}{section.4.4}% 43
\BOOKMARK [1][-]{section.4.5}{Implementasi\040Load\040Balancer}{chapter.4}% 44
\BOOKMARK [2][-]{subsection.4.5.1}{Pengaturan\040Teknik\040Balancing}{section.4.5}% 45
\BOOKMARK [2][-]{subsection.4.5.2}{Pengaturan\040Domain}{section.4.5}% 46
\BOOKMARK [2][-]{subsection.4.5.3}{Pengaturan\040Endpoint\040Log}{section.4.5}% 47
\BOOKMARK [2][-]{subsection.4.5.4}{Pangaturan\040Hot-Upgrade}{section.4.5}% 48
\BOOKMARK [1][-]{section.4.6}{Implementasi\040Dasbor}{chapter.4}% 49
\BOOKMARK [2][-]{subsection.4.6.1}{Daftar\040Aplikasi}{section.4.6}% 50
\BOOKMARK [2][-]{subsection.4.6.2}{Informasi\040Aplikasi}{section.4.6}% 51
\BOOKMARK [2][-]{subsection.4.6.3}{Daftar\040Container}{section.4.6}% 52
\BOOKMARK [2][-]{subsection.4.6.4}{Metrik\040Aplikasi}{section.4.6}% 53
\BOOKMARK [0][-]{chapter.5}{PENGUJIAN\040DAN\040EVALUASI}{}% 54
\BOOKMARK [1][-]{section.5.1}{Lingkungan\040Uji\040Coba}{chapter.5}% 55
\BOOKMARK [1][-]{section.5.2}{Skenario\040Uji\040Coba}{chapter.5}% 56
\BOOKMARK [2][-]{subsection.5.2.1}{Skenario\040Uji\040Coba\040Fungsionalitas}{section.5.2}% 57
\BOOKMARK [2][-]{subsection.5.2.2}{Skenario\040Uji\040Coba\040Performa}{section.5.2}% 58
\BOOKMARK [1][-]{section.5.3}{Hasil\040Uji\040Coba\040dan\040Evaluasi}{chapter.5}% 59
\BOOKMARK [2][-]{subsection.5.3.1}{Uji\040Fungsionalitas}{section.5.3}% 60
\BOOKMARK [2][-]{subsection.5.3.2}{Hasil\040Uji\040Performa}{section.5.3}% 61
\BOOKMARK [0][-]{chapter.6}{PENUTUP}{}% 62
\BOOKMARK [1][-]{section.6.1}{Kesimpulan}{chapter.6}% 63
\BOOKMARK [1][-]{section.6.2}{Saran}{chapter.6}% 64
\BOOKMARK [0][-]{chapter*.32}{DAFTAR\040PUSTAKA}{}% 65
\BOOKMARK [0][-]{appendix.A}{INSTALASI\040PERANGKAT\040LUNAK}{}% 66
\BOOKMARK [0][-]{appendix.B}{KODE\040SUMBER}{}% 67
\BOOKMARK [0][-]{appendix*.33}{BIODATA\040PENULIS}{}% 68
