This is XeTeX, Version 3.14159265-2.6-0.99992 (TeX Live 2015/Debian) (preloaded format=xelatex 2018.5.15)  22 MAY 2018 12:24
entering extended mode
 \write18 enabled.
 %&-line parsing enabled.
**main.tex
(./main.tex
LaTeX2e <2016/02/01>
Babel <3.9q> and hyphenation patterns for 81 language(s) loaded.
(./ta-its.cls
Document Class: ta-its 2011/12/23 My Class
(/usr/share/texlive/texmf-dist/tex/latex/base/book.cls
Document Class: book 2014/09/29 v1.4h Standard LaTeX document class
(/usr/share/texlive/texmf-dist/tex/latex/base/bk11.clo
File: bk11.clo 2014/09/29 v1.4h Standard LaTeX file (size option)
)
\c@part=\count79
\c@chapter=\count80
\c@section=\count81
\c@subsection=\count82
\c@subsubsection=\count83
\c@paragraph=\count84
\c@subparagraph=\count85
\c@figure=\count86
\c@table=\count87
\abovecaptionskip=\skip41
\belowcaptionskip=\skip42
\bibindent=\dimen102
)
(/usr/share/texlive/texmf-dist/tex/latex/geometry/geometry.sty
Package: geometry 2010/09/12 v5.6 Page Geometry

(/usr/share/texlive/texmf-dist/tex/latex/graphics/keyval.sty
Package: keyval 2014/10/28 v1.15 key=value parser (DPC)
\KV@toks@=\toks14
)
(/usr/share/texlive/texmf-dist/tex/generic/oberdiek/ifpdf.sty
Package: ifpdf 2011/01/30 v2.3 Provides the ifpdf switch (HO)
Package ifpdf Info: pdfTeX in PDF mode is not detected.
)
(/usr/share/texlive/texmf-dist/tex/generic/oberdiek/ifvtex.sty
Package: ifvtex 2010/03/01 v1.5 Detect VTeX and its facilities (HO)
Package ifvtex Info: VTeX not detected.
)
(/usr/share/texlive/texmf-dist/tex/generic/ifxetex/ifxetex.sty
Package: ifxetex 2010/09/12 v0.6 Provides ifxetex conditional
)
\Gm@cnth=\count88
\Gm@cntv=\count89
\c@Gm@tempcnt=\count90
\Gm@bindingoffset=\dimen103
\Gm@wd@mp=\dimen104
\Gm@odd@mp=\dimen105
\Gm@even@mp=\dimen106
\Gm@layoutwidth=\dimen107
\Gm@layoutheight=\dimen108
\Gm@layouthoffset=\dimen109
\Gm@layoutvoffset=\dimen110
\Gm@dimlist=\toks15
)
(/usr/share/texlive/texmf-dist/tex/latex/fontspec/fontspec.sty
(/usr/share/texlive/texmf-dist/tex/latex/l3kernel/expl3.sty
Package: expl3 2016/01/19 v6377 L3 programming layer (loader) 

(/usr/share/texlive/texmf-dist/tex/latex/l3kernel/expl3-code.tex
Package: expl3 2016/01/19 v6377 L3 programming layer (code)
L3 Module: l3bootstrap 2016/01/01 v6339 L3 Bootstrap code
L3 Module: l3names 2015/12/21 v6328 L3 Namespace for primitives
L3 Module: l3basics 2015/11/22 v6315 L3 Basic definitions
L3 Module: l3expan 2015/09/10 v5983 L3 Argument expansion
L3 Module: l3tl 2015/09/29 v6121 L3 Token lists
L3 Module: l3str 2016/01/03 v6357 L3 Strings
L3 Module: l3seq 2015/08/05 v5777 L3 Sequences and stacks
L3 Module: l3int 2016/01/05 v6366 L3 Integers
\c_max_int=\count91
\l_tmpa_int=\count92
\l_tmpb_int=\count93
\g_tmpa_int=\count94
\g_tmpb_int=\count95
L3 Module: l3quark 2015/08/17 v5855 L3 Quarks
L3 Module: l3prg 2015/11/01 v6216 L3 Control structures
\g__prg_map_int=\count96
L3 Module: l3clist 2015/09/02 v5901 L3 Comma separated lists
L3 Module: l3token 2015/11/11 v6249 L3 Experimental token manipulation
L3 Module: l3prop 2016/01/05 v6366 L3 Property lists
L3 Module: l3msg 2015/09/28 v6113 L3 Messages
L3 Module: l3file 2015/12/03 v6317 L3 File and I/O operations
\l_iow_line_count_int=\count97
\l__iow_target_count_int=\count98
\l__iow_current_line_int=\count99
\l__iow_current_word_int=\count100
\l__iow_current_indentation_int=\count101
L3 Module: l3skip 2016/01/05 v6366 L3 Dimensions and skips
\c_zero_dim=\dimen111
\c_max_dim=\dimen112
\l_tmpa_dim=\dimen113
\l_tmpb_dim=\dimen114
\g_tmpa_dim=\dimen115
\g_tmpb_dim=\dimen116
\c_zero_skip=\skip43
\c_max_skip=\skip44
\l_tmpa_skip=\skip45
\l_tmpb_skip=\skip46
\g_tmpa_skip=\skip47
\g_tmpb_skip=\skip48
\c_zero_muskip=\muskip10
\c_max_muskip=\muskip11
\l_tmpa_muskip=\muskip12
\l_tmpb_muskip=\muskip13
\g_tmpa_muskip=\muskip14
\g_tmpb_muskip=\muskip15
L3 Module: l3keys 2015/11/17 v6284 L3 Key-value interfaces
\g__keyval_level_int=\count102
\l_keys_choice_int=\count103
L3 Module: l3fp 2015/08/25 v5890 L3 Floating points
\c__fp_leading_shift_int=\count104
\c__fp_middle_shift_int=\count105
\c__fp_trailing_shift_int=\count106
\c__fp_big_leading_shift_int=\count107
\c__fp_big_middle_shift_int=\count108
\c__fp_big_trailing_shift_int=\count109
\c__fp_Bigg_leading_shift_int=\count110
\c__fp_Bigg_middle_shift_int=\count111
\c__fp_Bigg_trailing_shift_int=\count112
L3 Module: l3box 2015/08/09 v5822 L3 Experimental boxes
\c_empty_box=\box26
\l_tmpa_box=\box27
\l_tmpb_box=\box28
\g_tmpa_box=\box29
\g_tmpb_box=\box30
L3 Module: l3coffins 2015/08/06 v5789 L3 Coffin code layer
\l__coffin_internal_box=\box31
\l__coffin_internal_dim=\dimen117
\l__coffin_offset_x_dim=\dimen118
\l__coffin_offset_y_dim=\dimen119
\l__coffin_x_dim=\dimen120
\l__coffin_y_dim=\dimen121
\l__coffin_x_prime_dim=\dimen122
\l__coffin_y_prime_dim=\dimen123
\c_empty_coffin=\box32
\l__coffin_aligned_coffin=\box33
\l__coffin_aligned_internal_coffin=\box34
\l_tmpa_coffin=\box35
\l_tmpb_coffin=\box36
\l__coffin_display_coffin=\box37
\l__coffin_display_coord_coffin=\box38
\l__coffin_display_pole_coffin=\box39
\l__coffin_display_offset_dim=\dimen124
\l__coffin_display_x_dim=\dimen125
\l__coffin_display_y_dim=\dimen126
L3 Module: l3color 2014/08/23 v5354 L3 Experimental color support
L3 Module: l3sys 2015/09/25 v6087 L3 Experimental system/runtime functions
L3 Module: l3candidates 2016/01/14 v6376 L3 Experimental additions to l3kernel
\l__box_top_dim=\dimen127
\l__box_bottom_dim=\dimen128
\l__box_left_dim=\dimen129
\l__box_right_dim=\dimen130
\l__box_top_new_dim=\dimen131
\l__box_bottom_new_dim=\dimen132
\l__box_left_new_dim=\dimen133
\l__box_right_new_dim=\dimen134
\l__box_internal_box=\box40
\l__coffin_bounding_shift_dim=\dimen135
\l__coffin_left_corner_dim=\dimen136
\l__coffin_right_corner_dim=\dimen137
\l__coffin_bottom_corner_dim=\dimen138
\l__coffin_top_corner_dim=\dimen139
\l__coffin_scaled_total_height_dim=\dimen140
\l__coffin_scaled_width_dim=\dimen141
L3 Module: l3luatex 2015/11/11 v6250 L3 Experimental LuaTeX-specific functions
)
(/usr/share/texlive/texmf-dist/tex/latex/l3kernel/l3xdvipdfmx.def
File: l3xdvidpfmx.def 2015/11/11 v6250 L3 Experimental driver: xdvipdfmx
))
(/usr/share/texlive/texmf-dist/tex/latex/l3packages/xparse/xparse.sty
Package: xparse 2016/01/19 v6377 L3 Experimental document command parser
\l__xparse_current_arg_int=\count113
\l__xparse_m_args_int=\count114
\l__xparse_mandatory_args_int=\count115
\l__xparse_processor_int=\count116
\l__xparse_v_nesting_int=\count117
)
Package: fontspec 2016/02/01 v2.5a Font selection for XeLaTeX and LuaLaTeX

(/usr/share/texlive/texmf-dist/tex/latex/fontspec/fontspec-xetex.sty
Package: fontspec-xetex 2016/02/01 v2.5a Font selection for XeLaTeX and LuaLaTe
X
\l_fontspec_script_int=\count118
\l_fontspec_language_int=\count119
\l_fontspec_strnum_int=\count120
\l__fontspec_tmpa_dim=\dimen142
\l__fontspec_tmpb_dim=\dimen143
\l__fontspec_tmpc_dim=\dimen144
\g__file_internal_ior=\read1

(/usr/share/texlive/texmf-dist/tex/latex/base/fontenc.sty
Package: fontenc 2005/09/27 v1.99g Standard LaTeX package

(/usr/share/texlive/texmf-dist/tex/latex/euenc/eu1enc.def
File: eu1enc.def 2010/05/27 v0.1h Experimental Unicode font encodings
)
LaTeX Font Info:    Try loading font information for EU1+lmr on input line 105.


(/usr/share/texlive/texmf-dist/tex/latex/euenc/eu1lmr.fd
File: eu1lmr.fd 2009/10/30 v1.6 Font defs for Latin Modern
))
(/usr/share/texlive/texmf-dist/tex/xelatex/xunicode/xunicode.sty
File: xunicode.sty 2011/09/09 v0.981 provides access to latin accents and many 
other characters in Unicode lower plane

(/usr/share/texmf/tex/latex/tipa/t3enc.def
File: t3enc.def 2001/12/31 T3 encoding
LaTeX Font Info:    Try loading font information for EU1+lmss on input line 357
.

(/usr/share/texlive/texmf-dist/tex/latex/euenc/eu1lmss.fd
File: eu1lmss.fd 2009/10/30 v1.6 Font defs for Latin Modern
))
\tipaTiiicode=\count121
\tipasavetokens=\toks16
\tipachecktokens=\toks17

(/usr/share/texlive/texmf-dist/tex/latex/graphics/graphicx.sty
Package: graphicx 2014/10/28 v1.0g Enhanced LaTeX Graphics (DPC,SPQR)

(/usr/share/texlive/texmf-dist/tex/latex/graphics/graphics.sty
Package: graphics 2016/01/03 v1.0q Standard LaTeX Graphics (DPC,SPQR)

(/usr/share/texlive/texmf-dist/tex/latex/graphics/trig.sty
Package: trig 2016/01/03 v1.10 sin cos tan (DPC)
)
(/usr/share/texlive/texmf-dist/tex/latex/latexconfig/graphics.cfg
File: graphics.cfg 2010/04/23 v1.9 graphics configuration of TeX Live
)
Package graphics Info: Driver file: xetex.def on input line 95.

(/usr/share/texlive/texmf-dist/tex/xelatex/xetex-def/xetex.def
File: xetex.def 2015/09/11 v4.06 LaTeX color/graphics driver for XeTeX (TeX Liv
e/RRM/JK)

(/usr/share/texlive/texmf-dist/tex/generic/oberdiek/infwarerr.sty
Package: infwarerr 2010/04/08 v1.3 Providing info/warning/error messages (HO)
)
(/usr/share/texlive/texmf-dist/tex/generic/oberdiek/ltxcmds.sty
Package: ltxcmds 2011/11/09 v1.22 LaTeX kernel commands for general use (HO)
)))
\Gin@req@height=\dimen145
\Gin@req@width=\dimen146
))
.................................................
. LaTeX info: "xparse/define-command"
. 
. Defining command \__fontspec_post_arg:w with sig. 'mmO{}' on line 353.
.................................................
.................................................
. LaTeX info: "xparse/define-command"
. 
. Defining command \fontspec with sig. 'om' on line 355.
.................................................
.................................................
. LaTeX info: "xparse/define-command"
. 
. Defining command \setmainfont with sig. 'om' on line 365.
.................................................
.................................................
. LaTeX info: "xparse/define-command"
. 
. Defining command \setsansfont with sig. 'om' on line 375.
.................................................
.................................................
. LaTeX info: "xparse/define-command"
. 
. Defining command \setmonofont with sig. 'om' on line 385.
.................................................
.................................................
. LaTeX info: "xparse/define-command"
. 
. Defining command \setmathrm with sig. 'om' on line 399.
.................................................
.................................................
. LaTeX info: "xparse/define-command"
. 
. Defining command \setboldmathrm with sig. 'om' on line 407.
.................................................
.................................................
. LaTeX info: "xparse/define-command"
. 
. Defining command \setmathsf with sig. 'om' on line 415.
.................................................
.................................................
. LaTeX info: "xparse/define-command"
. 
. Defining command \setmathtt with sig. 'om' on line 423.
.................................................
.................................................
. LaTeX info: "xparse/define-command"
. 
. Defining command \newfontfamily with sig. 'mom' on line 437.
.................................................
.................................................
. LaTeX info: "xparse/define-command"
. 
. Defining command \newfontface with sig. 'mom' on line 453.
.................................................
.................................................
. LaTeX info: "xparse/define-command"
. 
. Defining command \defaultfontfeatures with sig. 't+om' on line 467.
.................................................
.................................................
. LaTeX info: "xparse/define-command"
. 
. Defining command \addfontfeatures with sig. 'm' on line 529.
.................................................
.................................................
. LaTeX info: "xparse/define-command"
. 
. Defining command \newfontfeature with sig. 'mm' on line 540.
.................................................
.................................................
. LaTeX info: "xparse/define-command"
. 
. Defining command \newAATfeature with sig. 'mmmm' on line 548.
.................................................
.................................................
. LaTeX info: "xparse/define-command"
. 
. Defining command \newopentypefeature with sig. 'mmm' on line 556.
.................................................
.................................................
. LaTeX info: "xparse/define-command"
. 
. Defining command \aliasfontfeature with sig. 'mm' on line 577.
.................................................
.................................................
. LaTeX info: "xparse/define-command"
. 
. Defining command \aliasfontfeatureoption with sig. 'mmm' on line 586.
.................................................
.................................................
. LaTeX info: "xparse/define-command"
. 
. Defining command \newfontscript with sig. 'mm' on line 590.
.................................................
.................................................
. LaTeX info: "xparse/define-command"
. 
. Defining command \newfontlanguage with sig. 'mm' on line 594.
.................................................
.................................................
. LaTeX info: "xparse/define-command"
. 
. Defining command \DeclareFontsExtensions with sig. 'm' on line 599.
.................................................
\l__fontspec_tmp_int=\count122

(/usr/share/texlive/texmf-dist/tex/latex/fontspec/fontspec.cfg)
LaTeX Info: Redefining \itshape on input line 2705.
LaTeX Info: Redefining \slshape on input line 2710.
LaTeX Info: Redefining \scshape on input line 2715.
LaTeX Info: Redefining \upshape on input line 2720.
\l__fontspec_em_int=\count123
\l__fontspec_emdef_int=\count124
LaTeX Info: Redefining \em on input line 2736.
LaTeX Info: Redefining \emph on input line 2742.
LaTeX Info: Redefining \- on input line 2746.
.................................................
. LaTeX info: "xparse/redefine-command"
. 
. Redefining command \oldstylenums with sig. 'm' on line 2841.
.................................................
.................................................
. LaTeX info: "xparse/define-command"
. 
. Defining command \liningnums with sig. 'm' on line 2845.
.................................................
))
.................................................
. fontspec info: "no-scripts"
. 
. Font Trebuchet MS does not contain any OpenType `Script' information.
.................................................
\g__fontspec_family_TrebuchetMS_int=\count125
.................................................
. fontspec info: "defining-font"
. 
. Font family 'TrebuchetMS(0)' created for font 'Trebuchet MS' with options
. [Ligatures=TeX].
. 
. This font family consists of the following NFSS series/shapes:
. - 'normal' (m/n) with NFSS spec.: <->"Trebuchet MS/OT:mapping=tex-text;"
. - 'small caps'  (m/sc) with NFSS spec.: - 'bold' (bx/n) with NFSS spec.:
. <->"Trebuchet MS/B/OT:mapping=tex-text;"
. - 'bold small caps'  (bx/sc) with NFSS spec.: - 'italic' (m/it) with NFSS
. spec.: <->"Trebuchet MS/I/OT:mapping=tex-text;"
. - 'italic small caps'  (m/itsc) with NFSS spec.: - 'bold italic' (bx/it)
. with NFSS spec.: <->"Trebuchet MS/BI/OT:mapping=tex-text;"
. - 'bold italic small caps'  (bx/itsc) with NFSS spec.: 
.................................................
.................................................
. fontspec info: "no-scripts"
. 
. Font Times New Roman does not contain any OpenType `Script' information.
.................................................
\g__fontspec_family_TimesNewRoman_int=\count126
.................................................
. fontspec info: "defining-font"
. 
. Font family 'TimesNewRoman(0)' created for font 'Times New Roman' with
. options [Ligatures=TeX,Scale=1.025].
. 
. This font family consists of the following NFSS series/shapes:
. - 'normal' (m/n) with NFSS spec.: <->s*[1.025]"Times New
. Roman/OT:mapping=tex-text;"
. - 'small caps'  (m/sc) with NFSS spec.: - 'bold' (bx/n) with NFSS spec.:
. <->s*[1.025]"Times New Roman/B/OT:mapping=tex-text;"
. - 'bold small caps'  (bx/sc) with NFSS spec.: - 'italic' (m/it) with NFSS
. spec.: <->s*[1.025]"Times New Roman/I/OT:mapping=tex-text;"
. - 'italic small caps'  (m/itsc) with NFSS spec.: - 'bold italic' (bx/it)
. with NFSS spec.: <->s*[1.025]"Times New Roman/BI/OT:mapping=tex-text;"
. - 'bold italic small caps'  (bx/itsc) with NFSS spec.: 
.................................................
LaTeX Font Info:    Font shape `EU1/TimesNewRoman(0)/m/n' will be
(Font)              scaled to size 11.22368pt on input line 7.
.................................................
. fontspec info: "no-scripts"
. 
. Font Courier New does not contain any OpenType `Script' information.
.................................................
\g__fontspec_family_CourierNew_int=\count127
.................................................
. fontspec info: "defining-font"
. 
. Font family 'CourierNew(0)' created for font 'Courier New' with options
. [WordSpace={1,0,0},PunctuationSpace=WordSpace,Scale=0.9].
. 
. This font family consists of the following NFSS series/shapes:
. - 'normal' (m/n) with NFSS spec.: <->s*[0.9]"Courier New/OT:"
. - 'small caps'  (m/sc) with NFSS spec.: 
. and font adjustment code:
. \fontdimen 2\font =1\fontdimen 2\font \fontdimen 3\font =0\fontdimen 3\font
. \fontdimen 4\font =0\fontdimen 4\font \fontdimen 7\font =0\fontdimen 2\font
. - 'bold' (bx/n) with NFSS spec.: <->s*[0.9]"Courier New/B/OT:"
. - 'bold small caps'  (bx/sc) with NFSS spec.: 
. and font adjustment code:
. \fontdimen 2\font =1\fontdimen 2\font \fontdimen 3\font =0\fontdimen 3\font
. \fontdimen 4\font =0\fontdimen 4\font \fontdimen 7\font =0\fontdimen 2\font
. - 'italic' (m/it) with NFSS spec.: <->s*[0.9]"Courier New/I/OT:"
. - 'italic small caps'  (m/itsc) with NFSS spec.: 
. and font adjustment code:
. \fontdimen 2\font =1\fontdimen 2\font \fontdimen 3\font =0\fontdimen 3\font
. \fontdimen 4\font =0\fontdimen 4\font \fontdimen 7\font =0\fontdimen 2\font
. - 'bold italic' (bx/it) with NFSS spec.: <->s*[0.9]"Courier New/BI/OT:"
. - 'bold italic small caps'  (bx/itsc) with NFSS spec.: 
. and font adjustment code:
. \fontdimen 2\font =1\fontdimen 2\font \fontdimen 3\font =0\fontdimen 3\font
. \fontdimen 4\font =0\fontdimen 4\font \fontdimen 7\font =0\fontdimen 2\font 
.................................................

(/usr/share/texlive/texmf-dist/tex/latex/tocbibind/tocbibind.sty
Package: tocbibind 2010/10/13 v1.5k extra ToC listings
Package tocbibind Info: The document has chapter divisions on input line 50.


Package tocbibind Note: Using chapter style headings, unless overridden.

) (/usr/share/texlive/texmf-dist/tex/latex/algorithm2e/algorithm2e.sty
Invalid UTF-8 byte or sequence at line 275 replaced by U+FFFD.
Invalid UTF-8 byte or sequence at line 290 replaced by U+FFFD.
Invalid UTF-8 byte or sequence at line 540 replaced by U+FFFD.
Package: algorithm2e 2013/01/06 v5.00 algorithms environments
\c@AlgoLine=\count128

(/usr/share/texlive/texmf-dist/tex/latex/base/ifthen.sty
Package: ifthen 2014/09/29 v1.1c Standard LaTeX ifthen package (DPC)
)
Invalid UTF-8 byte or sequence at line 1311 replaced by U+FFFD.
Invalid UTF-8 byte or sequence at line 1313 replaced by U+FFFD.
Invalid UTF-8 byte or sequence at line 1315 replaced by U+FFFD.
\algocf@hangindent=\skip49

(/usr/share/texlive/texmf-dist/tex/latex/tools/xspace.sty
Package: xspace 2014/10/28 v1.13 Space after command names (DPC,MH)
)
(/usr/share/texlive/texmf-dist/tex/latex/relsize/relsize.sty
Package: relsize 2013/03/29 ver 4.1
)
********************************************************
Package `algorithm2e' Release 5.1 -- october 19 2015 --
- algorithm2e-announce@lirmm.fr mailing list for announcement about releases
- algorithm2e-discussion@lirmm.fr mailing list for discussion about package
subscribe by emailing sympa@lirmm.fr with 'subscribe <list> <firstname name>'
- Author: Christophe Fiorio (christophe.fiorio@umontpellier.fr)
********************************************************
\skiptotal=\skip50
\skiplinenumber=\skip51
\skiprule=\skip52
\skiphlne=\skip53
\skiptext=\skip54
\skiplength=\skip55
\algomargin=\skip56
\skipalgocfslide=\skip57
\algowidth=\dimen147
\inoutsize=\dimen148
\inoutindent=\dimen149
\interspacetitleruled=\dimen150
\interspacealgoruled=\dimen151
\interspacetitleboxruled=\dimen152
\algocf@ruledwidth=\skip58
\algocf@inoutbox=\box41
\algocf@inputbox=\box42
\AlCapSkip=\skip59
\AlCapHSkip=\skip60
\algoskipindent=\skip61
\algocf@nlbox=\box43
\algocf@hangingbox=\box44
\algocf@untilbox=\box45
\algocf@skipuntil=\skip62
\algocf@capbox=\box46
\algoheightruledefault=\skip63
\algoheightrule=\skip64
\algotitleheightruledefault=\skip65
\algotitleheightrule=\skip66
\c@algocfline=\count129
\c@algocfproc=\count130
\c@algocf=\count131
\algocf@algoframe=\box47
\algocf@algobox=\box48
) (/usr/share/texlive/texmf-dist/tex/latex/eso-pic/eso-pic.sty
Package: eso-pic 2015/07/21 v2.0g eso-pic (RN)

(/usr/share/texlive/texmf-dist/tex/generic/oberdiek/atbegshi.sty
Package: atbegshi 2011/10/05 v1.16 At begin shipout hook (HO)
)
(/usr/share/texlive/texmf-dist/tex/latex/xcolor/xcolor.sty
Package: xcolor 2007/01/21 v2.11 LaTeX color extensions (UK)

(/usr/share/texlive/texmf-dist/tex/latex/latexconfig/color.cfg
File: color.cfg 2007/01/18 v1.5 color configuration of teTeX/TeXLive
)
Package xcolor Info: Driver file: xetex.def on input line 225.
Package xcolor Info: Model `cmy' substituted by `cmy0' on input line 1337.
Package xcolor Info: Model `RGB' extended on input line 1353.
Package xcolor Info: Model `HTML' substituted by `rgb' on input line 1355.
Package xcolor Info: Model `Hsb' substituted by `hsb' on input line 1356.
Package xcolor Info: Model `tHsb' substituted by `hsb' on input line 1357.
Package xcolor Info: Model `HSB' substituted by `hsb' on input line 1358.
Package xcolor Info: Model `Gray' substituted by `gray' on input line 1359.
Package xcolor Info: Model `wave' substituted by `hsb' on input line 1360.
))
(/usr/share/texlive/texmf-dist/tex/generic/babel/babel.sty
Package: babel 2016/02/24 3.9q The Babel package

(/usr/share/texlive/texmf-dist/tex/generic/babel-bahasa/bahasai.ldf
Language: bahasa 2008/03/15 v1.0l Bahasa Indonesia support from the babel syste
m

(/usr/share/texlive/texmf-dist/tex/generic/babel/babel.def
File: babel.def 2016/02/24 3.9q Babel common definitions
\babel@savecnt=\count132
\U@D=\dimen153

(/usr/share/texlive/texmf-dist/tex/generic/babel/xebabel.def))))
(/usr/share/texlive/texmf-dist/tex/latex/listings/listings.sty
\lst@mode=\count133
\lst@gtempboxa=\box49
\lst@token=\toks18
\lst@length=\count134
\lst@currlwidth=\dimen154
\lst@column=\count135
\lst@pos=\count136
\lst@lostspace=\dimen155
\lst@width=\dimen156
\lst@newlines=\count137
\lst@lineno=\count138
\lst@maxwidth=\dimen157

(/usr/share/texlive/texmf-dist/tex/latex/listings/lstmisc.sty
File: lstmisc.sty 2015/06/04 1.6 (Carsten Heinz)
\c@lstnumber=\count139
\lst@skipnumbers=\count140
\lst@framebox=\box50
)
(/usr/share/texlive/texmf-dist/tex/latex/listings/listings.cfg
File: listings.cfg 2015/06/04 1.6 listings configuration
))
Package: listings 2015/06/04 1.6 (Carsten Heinz)

(/usr/share/texlive/texmf-dist/tex/latex/tocloft/tocloft.sty
Package: tocloft 2013/05/02 v2.3f parameterised ToC, etc., typesetting
Package tocloft Info: The document has chapter divisions on input line 44.
\cftparskip=\skip67
\cftbeforetoctitleskip=\skip68
\cftaftertoctitleskip=\skip69
\cftbeforepartskip=\skip70
\cftpartnumwidth=\skip71
\cftpartindent=\skip72
\cftbeforechapskip=\skip73
\cftchapindent=\skip74
\cftchapnumwidth=\skip75
\cftbeforesecskip=\skip76
\cftsecindent=\skip77
\cftsecnumwidth=\skip78
\cftbeforesubsecskip=\skip79
\cftsubsecindent=\skip80
\cftsubsecnumwidth=\skip81
\cftbeforesubsubsecskip=\skip82
\cftsubsubsecindent=\skip83
\cftsubsubsecnumwidth=\skip84
\cftbeforeparaskip=\skip85
\cftparaindent=\skip86
\cftparanumwidth=\skip87
\cftbeforesubparaskip=\skip88
\cftsubparaindent=\skip89
\cftsubparanumwidth=\skip90
\cftbeforeloftitleskip=\skip91
\cftafterloftitleskip=\skip92
\cftbeforefigskip=\skip93
\cftfigindent=\skip94
\cftfignumwidth=\skip95
\c@lofdepth=\count141
\c@lotdepth=\count142
\cftbeforelottitleskip=\skip96
\cftafterlottitleskip=\skip97
\cftbeforetabskip=\skip98
\cfttabindent=\skip99
\cfttabnumwidth=\skip100
)
(/usr/share/texlive/texmf-dist/tex/latex/tools/indentfirst.sty
Package: indentfirst 1995/11/23 v1.03 Indent first paragraph (DPC)
)
(/usr/share/texlive/texmf-dist/tex/latex/enumitem/enumitem.sty
Package: enumitem 2011/09/28 v3.5.2 Customized lists
\labelindent=\skip101
\enit@outerparindent=\dimen158
\enit@toks=\toks19
\enit@inbox=\box51
\enitdp@description=\count143
)
(/usr/share/texlive/texmf-dist/tex/latex/tools/array.sty
Package: array 2014/10/28 v2.4c Tabular extension package (FMi)
\col@sep=\dimen159
\extrarowheight=\dimen160
\NC@list=\toks20
\extratabsurround=\skip102
\backup@length=\skip103
)
(/usr/share/texlive/texmf-dist/tex/latex/etoolbox/etoolbox.sty
Package: etoolbox 2015/08/02 v2.2a e-TeX tools for LaTeX (JAW)
\etb@tempcnta=\count144
)
\c@magicrownumbers=\count145

(/usr/share/texlive/texmf-dist/tex/latex/setspace/setspace.sty
Package: setspace 2011/12/19 v6.7a set line spacing
)
(/usr/share/texlive/texmf-dist/tex/latex/fancyhdr/fancyhdr.sty
\fancy@headwidth=\skip104
\f@ncyO@elh=\skip105
\f@ncyO@erh=\skip106
\f@ncyO@olh=\skip107
\f@ncyO@orh=\skip108
\f@ncyO@elf=\skip109
\f@ncyO@erf=\skip110
\f@ncyO@olf=\skip111
\f@ncyO@orf=\skip112
)
(/usr/share/texlive/texmf-dist/tex/latex/caption/caption.sty
Package: caption 2016/02/21 v3.3-144 Customizing captions (AR)

(/usr/share/texlive/texmf-dist/tex/latex/caption/caption3.sty
Package: caption3 2016/02/04 v1.7-139 caption3 kernel (AR)
Package caption3 Info: TeX engine: e-TeX on input line 67.
\captionmargin=\dimen161
\captionmargin@=\dimen162
\captionwidth=\dimen163
\caption@tempdima=\dimen164
\caption@indent=\dimen165
\caption@parindent=\dimen166
\caption@hangindent=\dimen167
)
\c@ContinuedFloat=\count146
Package caption Info: listings package is loaded.
)
(/usr/share/texlive/texmf-dist/tex/latex/tabulary/tabulary.sty
Package: tabulary 2014/06/11 v0.10 tabulary package (DPC)
\TY@count=\count147
\TY@linewidth=\dimen168
\tymin=\dimen169
\tymax=\dimen170
\TY@tablewidth=\dimen171
)
(/usr/share/texlive/texmf-dist/tex/latex/booktabs/booktabs.sty
Package: booktabs 2005/04/14 v1.61803 publication quality tables
\heavyrulewidth=\dimen172
\lightrulewidth=\dimen173
\cmidrulewidth=\dimen174
\belowrulesep=\dimen175
\belowbottomsep=\dimen176
\aboverulesep=\dimen177
\abovetopsep=\dimen178
\cmidrulesep=\dimen179
\cmidrulekern=\dimen180
\defaultaddspace=\dimen181
\@cmidla=\count148
\@cmidlb=\count149
\@aboverulesep=\dimen182
\@belowrulesep=\dimen183
\@thisruleclass=\count150
\@lastruleclass=\count151
\@thisrulewidth=\dimen184
)
(/usr/share/texlive/texmf-dist/tex/latex/tools/longtable.sty
Package: longtable 2014/10/28 v4.11 Multi-page Table package (DPC)
\LTleft=\skip113
\LTright=\skip114
\LTpre=\skip115
\LTpost=\skip116
\LTchunksize=\count152
\LTcapwidth=\dimen185
\LT@head=\box52
\LT@firsthead=\box53
\LT@foot=\box54
\LT@lastfoot=\box55
\LT@cols=\count153
\LT@rows=\count154
\c@LT@tables=\count155
\c@LT@chunks=\count156
\LT@p@ftn=\toks21
)
(/usr/share/texlive/texmf-dist/tex/latex/caption/ltcaption.sty
Package: ltcaption 2013/06/09 v1.4-94 longtable captions (AR)
)
(/usr/share/texlive/texmf-dist/tex/latex/ltabptch/ltabptch.sty
Package: ltabptch 2005/01/10 v1.74d Longtable patch for tools/3180, 3485 (ul)
)
(/usr/share/texlive/texmf-dist/tex/latex/threeparttablex/threeparttablex.sty
Package: threeparttablex 2013/07/23 v0.3 by daleif

(/usr/share/texlive/texmf-dist/tex/latex/threeparttable/threeparttable.sty
Package: threeparttable 2003/06/13  v 3.0
\@tempboxb=\box56
)
(/usr/share/texlive/texmf-dist/tex/latex/environ/environ.sty
Package: environ 2014/05/04 v0.3 A new way to define environments

(/usr/share/texlive/texmf-dist/tex/latex/trimspaces/trimspaces.sty
Package: trimspaces 2009/09/17 v1.1 Trim spaces around a token list
)
\@envbody=\toks22
)
\TPTL@width=\skip117
)
(/usr/share/texlive/texmf-dist/tex/latex/titlesec/titlesec.sty
Package: titlesec 2016/03/21 v2.10.2 Sectioning titles
\ttl@box=\box57
\beforetitleunit=\skip118
\aftertitleunit=\skip119
\ttl@plus=\dimen186
\ttl@minus=\dimen187
\ttl@toksa=\toks23
\titlewidth=\dimen188
\titlewidthlast=\dimen189
\titlewidthfirst=\dimen190
))
(/usr/share/texlive/texmf-dist/tex/latex/hyperref/hyperref.sty
Package: hyperref 2012/11/06 v6.83m Hypertext links for LaTeX

(/usr/share/texlive/texmf-dist/tex/generic/oberdiek/hobsub-hyperref.sty
Package: hobsub-hyperref 2012/05/28 v1.13 Bundle oberdiek, subset hyperref (HO)


(/usr/share/texlive/texmf-dist/tex/generic/oberdiek/hobsub-generic.sty
Package: hobsub-generic 2012/05/28 v1.13 Bundle oberdiek, subset generic (HO)
Package: hobsub 2012/05/28 v1.13 Construct package bundles (HO)
Package hobsub Info: Skipping package `infwarerr' (already loaded).
Package hobsub Info: Skipping package `ltxcmds' (already loaded).
Package: ifluatex 2010/03/01 v1.3 Provides the ifluatex switch (HO)
Package ifluatex Info: LuaTeX not detected.
Package hobsub Info: Skipping package `ifvtex' (already loaded).
Package: intcalc 2007/09/27 v1.1 Expandable calculations with integers (HO)
Package hobsub Info: Skipping package `ifpdf' (already loaded).
Package: etexcmds 2011/02/16 v1.5 Avoid name clashes with e-TeX commands (HO)
Package etexcmds Info: Could not find \expanded.
(etexcmds)             That can mean that you are not using pdfTeX 1.50 or
(etexcmds)             that some package has redefined \expanded.
(etexcmds)             In the latter case, load this package earlier.
Package: kvsetkeys 2012/04/25 v1.16 Key value parser (HO)
Package: kvdefinekeys 2011/04/07 v1.3 Define keys (HO)
Package: pdftexcmds 2011/11/29 v0.20 Utility functions of pdfTeX for LuaTeX (HO
)
Package pdftexcmds Info: LuaTeX not detected.
Package pdftexcmds Info: pdfTeX >= 1.30 not detected.
Package pdftexcmds Info: \pdf@primitive is available.
Package pdftexcmds Info: \pdf@ifprimitive is available.
Package pdftexcmds Info: \pdfdraftmode not found.
Package: pdfescape 2011/11/25 v1.13 Implements pdfTeX's escape features (HO)
Package: bigintcalc 2012/04/08 v1.3 Expandable calculations on big integers (HO
)
Package: bitset 2011/01/30 v1.1 Handle bit-vector datatype (HO)
Package: uniquecounter 2011/01/30 v1.2 Provide unlimited unique counter (HO)
)
Package hobsub Info: Skipping package `hobsub' (already loaded).
Package: letltxmacro 2010/09/02 v1.4 Let assignment for LaTeX macros (HO)
Package: hopatch 2012/05/28 v1.2 Wrapper for package hooks (HO)
Package: xcolor-patch 2011/01/30 xcolor patch
Package: atveryend 2011/06/30 v1.8 Hooks at the very end of document (HO)
Package hobsub Info: Skipping package `atbegshi' (already loaded).
Package: refcount 2011/10/16 v3.4 Data extraction from label references (HO)
Package: hycolor 2011/01/30 v1.7 Color options for hyperref/bookmark (HO)
)
(/usr/share/texlive/texmf-dist/tex/latex/oberdiek/auxhook.sty
Package: auxhook 2011/03/04 v1.3 Hooks for auxiliary files (HO)
)
(/usr/share/texlive/texmf-dist/tex/latex/oberdiek/kvoptions.sty
Package: kvoptions 2011/06/30 v3.11 Key value format for package options (HO)
)
\@linkdim=\dimen191
\Hy@linkcounter=\count157
\Hy@pagecounter=\count158

(/usr/share/texlive/texmf-dist/tex/latex/hyperref/pd1enc.def
File: pd1enc.def 2012/11/06 v6.83m Hyperref: PDFDocEncoding definition (HO)
)
\Hy@SavedSpaceFactor=\count159

(/usr/share/texlive/texmf-dist/tex/latex/latexconfig/hyperref.cfg
File: hyperref.cfg 2002/06/06 v1.2 hyperref configuration of TeXLive
)
Package hyperref Info: Hyper figures OFF on input line 4443.
Package hyperref Info: Link nesting OFF on input line 4448.
Package hyperref Info: Hyper index ON on input line 4451.
Package hyperref Info: Plain pages OFF on input line 4458.
Package hyperref Info: Backreferencing OFF on input line 4463.
Package hyperref Info: Implicit mode ON; LaTeX internals redefined.
Package hyperref Info: Bookmarks ON on input line 4688.
\c@Hy@tempcnt=\count160

(/usr/share/texlive/texmf-dist/tex/latex/url/url.sty
\Urlmuskip=\muskip16
Package: url 2013/09/16  ver 3.4  Verb mode for urls, etc.
)
LaTeX Info: Redefining \url on input line 5041.
\XeTeXLinkMargin=\dimen192
\Fld@menulength=\count161
\Field@Width=\dimen193
\Fld@charsize=\dimen194
Package hyperref Info: Hyper figures OFF on input line 6295.
Package hyperref Info: Link nesting OFF on input line 6300.
Package hyperref Info: Hyper index ON on input line 6303.
Package hyperref Info: backreferencing OFF on input line 6310.
Package hyperref Info: Link coloring OFF on input line 6315.
Package hyperref Info: Link coloring with OCG OFF on input line 6320.
Package hyperref Info: PDF/A mode OFF on input line 6325.
LaTeX Info: Redefining \ref on input line 6365.
LaTeX Info: Redefining \pageref on input line 6369.
\Hy@abspage=\count162
\c@Item=\count163
\c@Hfootnote=\count164
)

Package hyperref Message: Driver (autodetected): hxetex.

(/usr/share/texlive/texmf-dist/tex/latex/hyperref/hxetex.def
File: hxetex.def 2012/11/06 v6.83m Hyperref driver for XeTeX

(/usr/share/texlive/texmf-dist/tex/latex/hyperref/puenc.def
File: puenc.def 2012/11/06 v6.83m Hyperref: PDF Unicode definition (HO)
)
(/usr/share/texlive/texmf-dist/tex/generic/oberdiek/stringenc.sty
Package: stringenc 2011/12/02 v1.10 Convert strings between diff. encodings (HO
)
)
\pdfm@box=\box58
\c@Hy@AnnotLevel=\count165
\HyField@AnnotCount=\count166
\Fld@listcount=\count167
\c@bookmark@seq@number=\count168

(/usr/share/texlive/texmf-dist/tex/latex/oberdiek/rerunfilecheck.sty
Package: rerunfilecheck 2011/04/15 v1.7 Rerun checks for auxiliary files (HO)
Package rerunfilecheck Info: Feature \pdfmdfivesum is not available
(rerunfilecheck)             (e.g. pdfTeX or LuaTeX with package `pdftexcmds').

(rerunfilecheck)             Therefore file contents cannot be checked efficien
tly
(rerunfilecheck)             and the loading of the package is aborted.
)
\Hy@SectionHShift=\skip120
)
(/usr/share/texlive/texmf-dist/tex/latex/float/float.sty
Package: float 2001/11/08 v1.3d Float enhancements (AL)
\c@float@type=\count169
\float@exts=\toks24
\float@box=\box59
\@float@everytoks=\toks25
\@floatcapt=\box60
)
(/usr/share/texlive/texmf-dist/tex/latex/mdframed/mdframed.sty
Package: mdframed 2013/07/01 1.9b: mdframed

(/usr/share/texlive/texmf-dist/tex/latex/oberdiek/zref-abspage.sty
Package: zref-abspage 2012/04/04 v2.24 Module abspage for zref (HO)

(/usr/share/texlive/texmf-dist/tex/latex/oberdiek/zref-base.sty
Package: zref-base 2012/04/04 v2.24 Module base for zref (HO)
Package zref Info: New property list: main on input line 759.
Package zref Info: New property: default on input line 760.
Package zref Info: New property: page on input line 761.
)
\c@abspage=\count170
Package zref Info: New property: abspage on input line 62.
)
(/usr/share/texlive/texmf-dist/tex/latex/needspace/needspace.sty
Package: needspace 2010/09/12 v1.3d reserve vertical space
)
\mdf@templength=\skip121
\c@mdf@globalstyle@cnt=\count171
\mdf@skipabove@length=\skip122
\mdf@skipbelow@length=\skip123
\mdf@leftmargin@length=\skip124
\mdf@rightmargin@length=\skip125
\mdf@innerleftmargin@length=\skip126
\mdf@innerrightmargin@length=\skip127
\mdf@innertopmargin@length=\skip128
\mdf@innerbottommargin@length=\skip129
\mdf@splittopskip@length=\skip130
\mdf@splitbottomskip@length=\skip131
\mdf@outermargin@length=\skip132
\mdf@innermargin@length=\skip133
\mdf@linewidth@length=\skip134
\mdf@innerlinewidth@length=\skip135
\mdf@middlelinewidth@length=\skip136
\mdf@outerlinewidth@length=\skip137
\mdf@roundcorner@length=\skip138
\mdf@footenotedistance@length=\skip139
\mdf@userdefinedwidth@length=\skip140
\mdf@needspace@length=\skip141
\mdf@frametitleaboveskip@length=\skip142
\mdf@frametitlebelowskip@length=\skip143
\mdf@frametitlerulewidth@length=\skip144
\mdf@frametitleleftmargin@length=\skip145
\mdf@frametitlerightmargin@length=\skip146
\mdf@shadowsize@length=\skip147
\mdf@extratopheight@length=\skip148
\mdf@subtitleabovelinewidth@length=\skip149
\mdf@subtitlebelowlinewidth@length=\skip150
\mdf@subtitleaboveskip@length=\skip151
\mdf@subtitlebelowskip@length=\skip152
\mdf@subtitleinneraboveskip@length=\skip153
\mdf@subtitleinnerbelowskip@length=\skip154
\mdf@subsubtitleabovelinewidth@length=\skip155
\mdf@subsubtitlebelowlinewidth@length=\skip156
\mdf@subsubtitleaboveskip@length=\skip157
\mdf@subsubtitlebelowskip@length=\skip158
\mdf@subsubtitleinneraboveskip@length=\skip159
\mdf@subsubtitleinnerbelowskip@length=\skip160

(/usr/share/texlive/texmf-dist/tex/latex/mdframed/md-frame-0.mdf
File: md-frame-0.mdf 2013/07/01\ 1.9b: md-frame-0
)
\mdf@frametitlebox=\box61
\mdf@footnotebox=\box62
\mdf@splitbox@one=\box63
\mdf@splitbox@two=\box64
\mdf@splitbox@save=\box65
\mdfsplitboxwidth=\skip161
\mdfsplitboxtotalwidth=\skip162
\mdfsplitboxheight=\skip163
\mdfsplitboxdepth=\skip164
\mdfsplitboxtotalheight=\skip165
\mdfframetitleboxwidth=\skip166
\mdfframetitleboxtotalwidth=\skip167
\mdfframetitleboxheight=\skip168
\mdfframetitleboxdepth=\skip169
\mdfframetitleboxtotalheight=\skip170
\mdffootnoteboxwidth=\skip171
\mdffootnoteboxtotalwidth=\skip172
\mdffootnoteboxheight=\skip173
\mdffootnoteboxdepth=\skip174
\mdffootnoteboxtotalheight=\skip175
\mdftotallinewidth=\skip176
\mdfboundingboxwidth=\skip177
\mdfboundingboxtotalwidth=\skip178
\mdfboundingboxheight=\skip179
\mdfboundingboxdepth=\skip180
\mdfboundingboxtotalheight=\skip181
\mdf@freevspace@length=\skip182
\mdf@horizontalwidthofbox@length=\skip183
\mdf@verticalmarginwhole@length=\skip184
\mdf@horizontalspaceofbox=\skip185
\mdfsubtitleheight=\skip186
\mdfsubsubtitleheight=\skip187
\c@mdfcountframes=\count172

****** mdframed patching \endmdf@trivlist

****** -- success******

.................................................
. LaTeX info: "xparse/define-command"
. 
. Defining command \newmdtheoremenv with sig. 'O{} m o m o ' on line 601.
.................................................
.................................................
. LaTeX info: "xparse/define-command"
. 
. Defining command \mdtheorem with sig. ' O{} m o m o ' on line 701.
.................................................
\mdf@envdepth=\count173
\c@mdf@env@i=\count174
\c@mdf@env@ii=\count175
\c@mdf@zref@counter=\count176
Package zref Info: New property: mdf@pagevalue on input line 895.
)
(/usr/share/texlive/texmf-dist/tex/latex/wrapfig/wrapfig.sty
\wrapoverhang=\dimen195
\WF@size=\dimen196
\c@WF@wrappedlines=\count177
\WF@box=\box66
\WF@everypar=\toks26
Package: wrapfig 2003/01/31  v 3.6
)
(./chapters/0-A.tex) (./main.aux

LaTeX Warning: Label `tabelKodeKasusPenggunaan' multiply defined.


LaTeX Warning: Label `tabelImages' multiply defined.


LaTeX Warning: Label `tabelContainers' multiply defined.


LaTeX Warning: Label `calreactivemodel' multiply defined.

)
\openout1 = `main.aux'.

LaTeX Font Info:    Checking defaults for OML/cmm/m/it on input line 13.
LaTeX Font Info:    ... okay on input line 13.
LaTeX Font Info:    Checking defaults for T1/cmr/m/n on input line 13.
LaTeX Font Info:    ... okay on input line 13.
LaTeX Font Info:    Checking defaults for OT1/cmr/m/n on input line 13.
LaTeX Font Info:    ... okay on input line 13.
LaTeX Font Info:    Checking defaults for OMS/cmsy/m/n on input line 13.
LaTeX Font Info:    ... okay on input line 13.
LaTeX Font Info:    Checking defaults for OMX/cmex/m/n on input line 13.
LaTeX Font Info:    ... okay on input line 13.
LaTeX Font Info:    Checking defaults for U/cmr/m/n on input line 13.
LaTeX Font Info:    ... okay on input line 13.
LaTeX Font Info:    Checking defaults for EU1/lmr/m/n on input line 13.
LaTeX Font Info:    ... okay on input line 13.
LaTeX Font Info:    Checking defaults for T3/cmr/m/n on input line 13.
LaTeX Font Info:    Try loading font information for T3+cmr on input line 13.
 (/usr/share/texmf/tex/latex/tipa/t3cmr.fd
File: t3cmr.fd 2001/12/31 TIPA font definitions
)
LaTeX Font Info:    ... okay on input line 13.
LaTeX Font Info:    Checking defaults for PD1/pdf/m/n on input line 13.
LaTeX Font Info:    ... okay on input line 13.
LaTeX Font Info:    Checking defaults for PU/pdf/m/n on input line 13.
LaTeX Font Info:    ... okay on input line 13.

*geometry* driver: auto-detecting
*geometry* detected driver: xetex
*geometry* verbose mode - [ preamble ] result:
* driver: xetex
* paper: <default>
* layout: <same size as paper>
* layoutoffset:(h,v)=(0.0pt,0.0pt)
* modes: twoside 
* h-part:(L,W,R)=(71.13188pt, 293.0634pt, 56.9055pt)
* v-part:(T,H,B)=(71.13188pt, 455.24411pt, 71.13188pt)
* \paperwidth=421.10078pt
* \paperheight=597.50787pt
* \textwidth=293.0634pt
* \textheight=455.24411pt
* \oddsidemargin=-1.1381pt
* \evensidemargin=-15.36449pt
* \topmargin=-33.0119pt
* \headheight=12.0pt
* \headsep=19.8738pt
* \topskip=11.0pt
* \footskip=27.46295pt
* \marginparwidth=51.0pt
* \marginparsep=7.0pt
* \columnsep=10.0pt
* \skip\footins=10.0pt plus 4.0pt minus 2.0pt
* \hoffset=0.0pt
* \voffset=0.0pt
* \mag=1000
* \@twocolumnfalse
* \@twosidetrue
* \@mparswitchtrue
* \@reversemarginfalse
* (1in=72.27pt=25.4mm, 1cm=28.453pt)

.................................................
. fontspec info: "setup-math"
. 
. Adjusting the maths setup (use [no-math] to avoid this).
.................................................
\symlegacymaths=\mathgroup4
LaTeX Font Info:    Overwriting symbol font `legacymaths' in version `bold'
(Font)                  OT1/cmr/m/n --> OT1/cmr/bx/n on input line 13.
LaTeX Font Info:    Redeclaring math accent \acute on input line 13.
LaTeX Font Info:    Redeclaring math accent \grave on input line 13.
LaTeX Font Info:    Redeclaring math accent \ddot on input line 13.
LaTeX Font Info:    Redeclaring math accent \tilde on input line 13.
LaTeX Font Info:    Redeclaring math accent \bar on input line 13.
LaTeX Font Info:    Redeclaring math accent \breve on input line 13.
LaTeX Font Info:    Redeclaring math accent \check on input line 13.
LaTeX Font Info:    Redeclaring math accent \hat on input line 13.
LaTeX Font Info:    Redeclaring math accent \dot on input line 13.
LaTeX Font Info:    Redeclaring math accent \mathring on input line 13.
LaTeX Font Info:    Redeclaring math symbol \colon on input line 13.
LaTeX Font Info:    Redeclaring math symbol \Gamma on input line 13.
LaTeX Font Info:    Redeclaring math symbol \Delta on input line 13.
LaTeX Font Info:    Redeclaring math symbol \Theta on input line 13.
LaTeX Font Info:    Redeclaring math symbol \Lambda on input line 13.
LaTeX Font Info:    Redeclaring math symbol \Xi on input line 13.
LaTeX Font Info:    Redeclaring math symbol \Pi on input line 13.
LaTeX Font Info:    Redeclaring math symbol \Sigma on input line 13.
LaTeX Font Info:    Redeclaring math symbol \Upsilon on input line 13.
LaTeX Font Info:    Redeclaring math symbol \Phi on input line 13.
LaTeX Font Info:    Redeclaring math symbol \Psi on input line 13.
LaTeX Font Info:    Redeclaring math symbol \Omega on input line 13.
LaTeX Font Info:    Redeclaring math symbol \mathdollar on input line 13.
LaTeX Font Info:    Redeclaring symbol font `operators' on input line 13.
LaTeX Font Info:    Encoding `OT1' has changed to `EU1' for symbol font
(Font)              `operators' in the math version `normal' on input line 13.
LaTeX Font Info:    Overwriting symbol font `operators' in version `normal'
(Font)                  OT1/cmr/m/n --> EU1/TimesNewRoman(0)/m/n on input line 
13.
LaTeX Font Info:    Encoding `OT1' has changed to `EU1' for symbol font
(Font)              `operators' in the math version `bold' on input line 13.
LaTeX Font Info:    Overwriting symbol font `operators' in version `bold'
(Font)                  OT1/cmr/bx/n --> EU1/TimesNewRoman(0)/m/n on input line
 13.
LaTeX Font Info:    Overwriting symbol font `operators' in version `normal'
(Font)                  EU1/TimesNewRoman(0)/m/n --> EU1/TimesNewRoman(0)/m/n o
n input line 13.
LaTeX Font Info:    Overwriting math alphabet `\mathit' in version `normal'
(Font)                  OT1/cmr/m/it --> EU1/TimesNewRoman(0)/m/it on input lin
e 13.
LaTeX Font Info:    Overwriting math alphabet `\mathbf' in version `normal'
(Font)                  OT1/cmr/bx/n --> EU1/TimesNewRoman(0)/bx/n on input lin
e 13.
LaTeX Font Info:    Overwriting math alphabet `\mathsf' in version `normal'
(Font)                  OT1/cmss/m/n --> EU1/TrebuchetMS(0)/m/n on input line 1
3.
LaTeX Font Info:    Overwriting math alphabet `\mathtt' in version `normal'
(Font)                  OT1/cmtt/m/n --> EU1/CourierNew(0)/m/n on input line 13
.
LaTeX Font Info:    Overwriting symbol font `operators' in version `bold'
(Font)                  EU1/TimesNewRoman(0)/m/n --> EU1/TimesNewRoman(0)/bx/n 
on input line 13.
LaTeX Font Info:    Overwriting math alphabet `\mathit' in version `bold'
(Font)                  OT1/cmr/bx/it --> EU1/TimesNewRoman(0)/bx/it on input l
ine 13.
LaTeX Font Info:    Overwriting math alphabet `\mathsf' in version `bold'
(Font)                  OT1/cmss/bx/n --> EU1/TrebuchetMS(0)/bx/n on input line
 13.
LaTeX Font Info:    Overwriting math alphabet `\mathtt' in version `bold'
(Font)                  OT1/cmtt/m/n --> EU1/CourierNew(0)/bx/n on input line 1
3.
\AtBeginShipoutBox=\box67
\c@lstlisting=\count178
Package caption Info: Begin \AtBeginDocument code.
Package caption Info: float package is loaded.
Package caption Info: hyperref package is loaded.
Package caption Info: longtable package is loaded.
Package caption Info: threeparttable package is loaded.
Package caption Info: wrapfig package is loaded.
Package caption Info: End \AtBeginDocument code.
Package hyperref Info: Link coloring OFF on input line 13.
(/usr/share/texlive/texmf-dist/tex/latex/hyperref/nameref.sty
Package: nameref 2012/10/27 v2.43 Cross-referencing by name of section

(/usr/share/texlive/texmf-dist/tex/generic/oberdiek/gettitlestring.sty
Package: gettitlestring 2010/12/03 v1.4 Cleanup title references (HO)
)
\c@section@level=\count179
)
LaTeX Info: Redefining \ref on input line 13.
LaTeX Info: Redefining \pageref on input line 13.
LaTeX Info: Redefining \nameref on input line 13.

(./main.out) (./main.out)
\@outlinefile=\write3
\openout3 = `main.out'.

*geometry* verbose mode - [ newgeometry ] result:
* driver: xetex
* paper: <default>
* layout: <same size as paper>
* layoutoffset:(h,v)=(0.0pt,0.0pt)
* modes: twoside 
* h-part:(L,W,R)=(56.9055pt, 313.66269pt, 50.5326pt)
* v-part:(T,H,B)=(199.16928pt, 341.43309pt, 56.9055pt)
* \paperwidth=421.10078pt
* \paperheight=597.50787pt
* \textwidth=313.66269pt
* \textheight=341.43309pt
* \oddsidemargin=-15.36449pt
* \evensidemargin=-21.7374pt
* \topmargin=95.0255pt
* \headheight=12.0pt
* \headsep=19.8738pt
* \topskip=11.0pt
* \footskip=27.46295pt
* \marginparwidth=51.0pt
* \marginparsep=7.0pt
* \columnsep=10.0pt
* \skip\footins=10.0pt plus 4.0pt minus 2.0pt
* \hoffset=0.0pt
* \voffset=0.0pt
* \mag=1000
* \@twocolumnfalse
* \@twosidetrue
* \@mparswitchtrue
* \@reversemarginfalse
* (1in=72.27pt=25.4mm, 1cm=28.453pt)

File: img/sampul.png Graphic file (type QTm)
 <use  "img/sampul.png" >
(/usr/share/texlive/texmf-dist/tex/generic/oberdiek/se-ascii-print.def
File: se-ascii-print.def 2011/12/02 v1.10 stringenc: Printable ASCII characters

)
[-1



]
LaTeX Font Info:    Font shape `EU1/TimesNewRoman(0)/m/it' will be
(Font)              scaled to size 11.22368pt on input line 16.
 [0


]
*geometry* verbose mode - [ newgeometry ] result:
* driver: xetex
* paper: <default>
* layout: <same size as paper>
* layoutoffset:(h,v)=(0.0pt,0.0pt)
* modes: twoside 
* h-part:(L,W,R)=(56.9055pt, 313.66269pt, 50.5326pt)
* v-part:(T,H,B)=(199.16928pt, 341.43309pt, 56.9055pt)
* \paperwidth=421.10078pt
* \paperheight=597.50787pt
* \textwidth=313.66269pt
* \textheight=341.43309pt
* \oddsidemargin=-15.36449pt
* \evensidemargin=-21.7374pt
* \topmargin=95.0255pt
* \headheight=12.0pt
* \headsep=19.8738pt
* \topskip=11.0pt
* \footskip=27.46295pt
* \marginparwidth=51.0pt
* \marginparsep=7.0pt
* \columnsep=10.0pt
* \skip\footins=10.0pt plus 4.0pt minus 2.0pt
* \hoffset=0.0pt
* \voffset=0.0pt
* \mag=1000
* \@twocolumnfalse
* \@twosidetrue
* \@mparswitchtrue
* \@reversemarginfalse
* (1in=72.27pt=25.4mm, 1cm=28.453pt)

File: img/sampulWhite.png Graphic file (type QTm)
 <use  "img/sampulWhite.png" > [1

] [2


]
*geometry* verbose mode - [ newgeometry ] result:
* driver: xetex
* paper: <default>
* layout: <same size as paper>
* layoutoffset:(h,v)=(0.0pt,0.0pt)
* modes: twoside 
* h-part:(L,W,R)=(56.9055pt, 313.66269pt, 50.5326pt)
* v-part:(T,H,B)=(199.16928pt, 341.43309pt, 56.9055pt)
* \paperwidth=421.10078pt
* \paperheight=597.50787pt
* \textwidth=313.66269pt
* \textheight=341.43309pt
* \oddsidemargin=-15.36449pt
* \evensidemargin=-21.7374pt
* \topmargin=95.0255pt
* \headheight=12.0pt
* \headsep=19.8738pt
* \topskip=11.0pt
* \footskip=27.46295pt
* \marginparwidth=51.0pt
* \marginparsep=7.0pt
* \columnsep=10.0pt
* \skip\footins=10.0pt plus 4.0pt minus 2.0pt
* \hoffset=0.0pt
* \voffset=0.0pt
* \mag=1000
* \@twocolumnfalse
* \@twosidetrue
* \@mparswitchtrue
* \@reversemarginfalse
* (1in=72.27pt=25.4mm, 1cm=28.453pt)

File: img/sampulWhite.png Graphic file (type QTm)
 <use  "img/sampulWhite.png" >
[3

] [4


]
LaTeX Font Info:    Font shape `EU1/TimesNewRoman(0)/bx/n' will be
(Font)              scaled to size 11.22368pt on input line 16.
LaTeX Font Info:    Font shape `EU1/TimesNewRoman(0)/bx/n' will be
(Font)              scaled to size 12.29993pt on input line 16.
LaTeX Font Info:    Font shape `EU1/TimesNewRoman(0)/bx/it' will be
(Font)              scaled to size 11.22368pt on input line 16.
 [5] [6

] (./chapters/0-Abstrak.tex
LaTeX Font Info:    Font shape `EU1/TimesNewRoman(0)/m/n' will be
(Font)              scaled to size 8.19995pt on input line 1.
LaTeX Font Info:    Font shape `EU1/TimesNewRoman(0)/m/n' will be
(Font)              scaled to size 6.14996pt on input line 1.
LaTeX Font Info:    External font `cmex10' loaded for size
(Font)              <10.95> on input line 1.
LaTeX Font Info:    External font `cmex10' loaded for size
(Font)              <8> on input line 1.
LaTeX Font Info:    External font `cmex10' loaded for size
(Font)              <6> on input line 1.

Overfull \hbox (3.65033pt too wide) in paragraph at lines 1--1
 []  
 []


Underfull \vbox (badness 10000) has occurred while \output is active []

 [7]
[8]
Underfull \vbox (badness 10000) has occurred while \output is active []

 [9])
(./chapters/0-Kata_Pengantar.tex [10]
LaTeX Font Info:    Font shape `EU1/TimesNewRoman(0)/bx/n' will be
(Font)              scaled to size 11.27493pt on input line 1.
File: img/bismillah.png Graphic file (type QTm)
 <use  "img/bismillah.png" > [11

])
[12] (./main.toc [13


] [14])
\tf@toc=\write4
\openout4 = `main.toc'.

 [15] [16

] (./main.lot)
\tf@lot=\write5
\openout5 = `main.lot'.

 [17] [18

] (./main.lof)
\tf@lof=\write6
\openout6 = `main.lof'.


[19] [20

] (./main.lol
LaTeX Font Info:    Font shape `EU1/CourierNew(0)/m/n' will be
(Font)              scaled to size 9.85492pt on input line 12.
)
\tf@lol=\write7
\openout7 = `main.lol'.

 [21] [22

] (./chapters/1-Pendahuluan.tex
BAB I.
[1

]

Package Fancyhdr Warning: \headheight is too small (12.0pt): 
 Make it at least 13.59999pt.
 We now make it that large for the rest of the document.
 This may cause the page layout to be inconsistent, however.

[2]) (./chapters/2-Tinjauan_Pustaka.tex [3] [4

]
BAB II.
LaTeX Font Info:    Font shape `EU1/TimesNewRoman(0)/bx/it' will be
(Font)              scaled to size 11.27493pt on input line 2.
[5]
File: Images/C-2/websocket.png Graphic file (type QTm)
 <use  "Images/C-2/websocket.png" >
LaTeX Font Info:    Font shape `EU1/TimesNewRoman(0)/m/n' will be
(Font)              scaled to size 9.22495pt on input line 16.
LaTeX Font Info:    Font shape `EU1/TimesNewRoman(0)/bx/n' will be
(Font)              scaled to size 9.22495pt on input line 16.
LaTeX Font Info:    Font shape `EU1/TimesNewRoman(0)/m/it' will be
(Font)              scaled to size 9.22495pt on input line 16.

Underfull \vbox (badness 10000) has occurred while \output is active []

 [6]
[7] [8]
File: Images/C-2/OID.png Graphic file (type QTm)
 <use  "Images/C-2/OID.png" >
Underfull \vbox (badness 10000) has occurred while \output is active []

 [9]
[10]) (./chapters/3-Desain_dan_Perancangan.tex [11] [12

]
BAB III.
File: Images/C-3/usecase.png Graphic file (type QTm)
<use  "Images/C-3/usecase.png" > [13] [14] [15]
File: Images/C-3/main.png Graphic file (type QTm)
 <use  "Images/C-3/main.png" >
[16] [17]
File: Images/C-3/desainrestapi.png Graphic file (type QTm)
 <use  "Images/C-3/desainrestapi.png" > [18]
File: Images/C-3/desainpublisher.png Graphic file (type QTm)

<use  "Images/C-3/desainpublisher.png" >
File: Images/C-3/desainpubsub.png Graphic file (type QTm)
 <use  "Images/C-3/desainpubsub.png" >
[19]
File: Images/C-3/desaindb.png Graphic file (type QTm)
 <use  "Images/C-3/desaindb.png" >
Underfull \vbox (badness 10000) has occurred while \output is active []

 [20]
[21]
File: Images/C-3/antarmuka1.png Graphic file (type QTm)
 <use  "Images/C-3/antarmuka1.png" >
Underfull \vbox (badness 10000) has occurred while \output is active []

 [22]
File: Images/C-3/antarmuka2.png Graphic file (type QTm)

<use  "Images/C-3/antarmuka2.png" >
File: Images/C-3/antarmuka3.png Graphic file (type QTm)
 <use  "Images/C-3/antarmuka3.png" >
[23]) (./chapters/4-Implementasi.tex [24]
BAB IV.
[25

] [26] [27] [28] [29]
Underfull \vbox (badness 10000) has occurred while \output is active []

 [30]
[31]
Underfull \vbox (badness 10000) has occurred while \output is active []

 [32]
Overfull \hbox (4.92569pt too wide) in paragraph at lines 101--101
[]|\EU1/TimesNewRoman(0)/bx/n/10.95 No| 
 []


Overfull \hbox (3.1087pt too wide) in alignment at lines 98--102
 [] [] [] [] 
 []


Overfull \hbox (3.1087pt too wide) in alignment at lines 102--103
 [] [] [] [] 
 []


Overfull \hbox (3.1087pt too wide) in alignment at lines 103--104
 [] [] [] [] 
 []


Overfull \hbox (3.1087pt too wide) in alignment at lines 104--113
 [] [] [] [] 
 []

[33]
Overfull \hbox (4.92569pt too wide) in paragraph at lines 120--120
[]|\EU1/TimesNewRoman(0)/bx/n/10.95 No| 
 []


Overfull \hbox (3.1087pt too wide) in alignment at lines 117--121
 [] [] [] [] 
 []


Overfull \hbox (3.1087pt too wide) in alignment at lines 121--122
 [] [] [] [] 
 []


Overfull \hbox (3.1087pt too wide) in alignment at lines 122--123
 [] [] [] [] 
 []


Overfull \hbox (3.1087pt too wide) in alignment at lines 123--129
 [] [] [] [] 
 []

[34]
Overfull \hbox (4.92569pt too wide) in paragraph at lines 136--136
[]|\EU1/TimesNewRoman(0)/bx/n/10.95 No| 
 []


Overfull \hbox (3.1087pt too wide) in alignment at lines 133--137
 [] [] [] [] 
 []


Overfull \hbox (3.1087pt too wide) in alignment at lines 137--138
 [] [] [] [] 
 []


Overfull \hbox (3.1087pt too wide) in alignment at lines 138--139
 [] [] [] [] 
 []


Overfull \hbox (3.1087pt too wide) in alignment at lines 139--143
 [] [] [] [] 
 []

File: Images/C-4/docp.png Graphic file (type QTm)
<use  "Images/C-4/docp.png" >
Underfull \vbox (badness 10000) has occurred while \output is active []

 [35]
[36] [37] [38] [39] [40] [41] [42]
Underfull \vbox (badness 10000) has occurred while \output is active []

 [43]
[44] [45] [46]
LaTeX Font Info:    Font shape `EU1/CourierNew(0)/m/n' will be
(Font)              scaled to size 8.09995pt on input line 282.
 [47]
File: Images/C-4/dasberanda.PNG Graphic file (type QTm)
 <use  "Images/C-4/dasberanda.PNG" >
Overfull \hbox (25.61192pt too wide) in paragraph at lines 302--303
 [][] 
 []


Underfull \vbox (badness 1558) has occurred while \output is active []

 [48]
File: Images/C-4/dasinformasi.PNG Graphic file (type QTm)

<use  "Images/C-4/dasinformasi.PNG" >
Overfull \hbox (25.61136pt too wide) in paragraph at lines 310--311
 [][] 
 []

[49]
File: Images/C-4/dasdafcont.PNG Graphic file (type QTm)
 <use  "Images/C-4/dasdafcont.PNG" >
Overfull \hbox (25.60373pt too wide) in paragraph at lines 320--321
 [][] 
 []

File: Images/C-4/dasmatrik.PNG Graphic file (type QTm)
<use  "Images/C-4/dasmatrik.PNG" >
Overfull \hbox (25.6045pt too wide) in paragraph at lines 329--330
 [][] 
 []

) (./chapters/5-Pengujian_dan_Evaluasi.tex [50] [51] [52

]
BAB V.

Overfull \hbox (17.76279pt too wide) in alignment at lines 6--9
 [] [] [] [] 
 []


Overfull \hbox (17.76279pt too wide) in alignment at lines 9--13
 [] [] [] [] 
 []


Overfull \hbox (17.76279pt too wide) in alignment at lines 13--14
 [] [] [] [] 
 []


Overfull \hbox (17.76279pt too wide) in alignment at lines 14--15
 [] [] [] [] 
 []


Overfull \hbox (17.76279pt too wide) in alignment at lines 15--23
 [] [] [] [] 
 []

[53] [54] [55] [56] [57] [58] [59] [60] [61] [62] [63]
Underfull \vbox (badness 10000) has occurred while \output is active []

 [64]
[65]
File: Images/C-5/jumlahcontainer.png Graphic file (type QTm)
 <use  "Images/C-5/jumlahcontainer.png" > [66]
Overfull \hbox (2.86229pt too wide) in paragraph at lines 235--235
[]|\EU1/TimesNewRoman(0)/m/n/10.95 ARIMA(1,1,0)| 
 []


Overfull \hbox (1.55699pt too wide) in paragraph at lines 235--235
[]|\EU1/TimesNewRoman(0)/m/n/10.95 34.167| 
 []


Overfull \hbox (1.55699pt too wide) in paragraph at lines 235--235
[]|\EU1/TimesNewRoman(0)/m/n/10.95 43.286| 
 []


Overfull \hbox (1.55699pt too wide) in paragraph at lines 235--235
[]|\EU1/TimesNewRoman(0)/m/n/10.95 48.143| 
 []


Overfull \hbox (1.55699pt too wide) in paragraph at lines 235--235
[]|\EU1/TimesNewRoman(0)/m/n/10.95 63.857| 
 []


Overfull \hbox (1.55699pt too wide) in paragraph at lines 235--235
[]|\EU1/TimesNewRoman(0)/m/n/10.95 62.286| 
 []


Overfull \hbox (2.86229pt too wide) in paragraph at lines 236--236
[]|\EU1/TimesNewRoman(0)/m/n/10.95 ARIMA(2,1,0)| 
 []


Overfull \hbox (1.55699pt too wide) in paragraph at lines 236--236
[]|\EU1/TimesNewRoman(0)/m/n/10.95 27.429| 
 []


Overfull \hbox (1.55699pt too wide) in paragraph at lines 236--236
[]|\EU1/TimesNewRoman(0)/m/n/10.95 38.571| 
 []


Overfull \hbox (1.55699pt too wide) in paragraph at lines 236--236
[]|\EU1/TimesNewRoman(0)/m/n/10.95 44.143| 
 []


Overfull \hbox (1.55699pt too wide) in paragraph at lines 236--236
[]|\EU1/TimesNewRoman(0)/m/n/10.95 42.143| 
 []


Overfull \hbox (1.55699pt too wide) in paragraph at lines 236--236
[]|\EU1/TimesNewRoman(0)/m/n/10.95 57.857| 
 []


Overfull \hbox (2.86229pt too wide) in paragraph at lines 237--237
[]|\EU1/TimesNewRoman(0)/m/n/10.95 ARIMA(3,1,0)| 
 []


Overfull \hbox (1.55699pt too wide) in paragraph at lines 237--237
[]|\EU1/TimesNewRoman(0)/m/n/10.95 32.429| 
 []


Overfull \hbox (1.55699pt too wide) in paragraph at lines 237--237
[]|\EU1/TimesNewRoman(0)/m/n/10.95 36.000| 
 []


Overfull \hbox (1.55699pt too wide) in paragraph at lines 237--237
[]|\EU1/TimesNewRoman(0)/m/n/10.95 38.429| 
 []


Overfull \hbox (1.55699pt too wide) in paragraph at lines 237--237
[]|\EU1/TimesNewRoman(0)/m/n/10.95 41.571| 
 []


Overfull \hbox (1.55699pt too wide) in paragraph at lines 237--237
[]|\EU1/TimesNewRoman(0)/m/n/10.95 43.857| 
 []


Overfull \hbox (2.86229pt too wide) in paragraph at lines 238--238
[]|\EU1/TimesNewRoman(0)/m/n/10.95 ARIMA(4,1,0)| 
 []


Overfull \hbox (1.55699pt too wide) in paragraph at lines 238--238
[]|\EU1/TimesNewRoman(0)/m/n/10.95 24.857| 
 []


Overfull \hbox (1.55699pt too wide) in paragraph at lines 238--238
[]|\EU1/TimesNewRoman(0)/m/n/10.95 31.571| 
 []


Overfull \hbox (1.55699pt too wide) in paragraph at lines 238--238
[]|\EU1/TimesNewRoman(0)/m/n/10.95 34.429| 
 []


Overfull \hbox (1.55699pt too wide) in paragraph at lines 238--238
[]|\EU1/TimesNewRoman(0)/m/n/10.95 42.143| 
 []


Overfull \hbox (1.55699pt too wide) in paragraph at lines 238--238
[]|\EU1/TimesNewRoman(0)/m/n/10.95 52.714| 
 []

File: Images/C-5/runningtime.png Graphic file (type QTm)
<use  "Images/C-5/runningtime.png" > [67]
Overfull \hbox (2.86229pt too wide) in paragraph at lines 263--263
[]|\EU1/TimesNewRoman(0)/m/n/10.95 ARIMA(1,1,0)| 
 []


Overfull \hbox (2.86229pt too wide) in paragraph at lines 264--264
[]|\EU1/TimesNewRoman(0)/m/n/10.95 ARIMA(2,1,0)| 
 []


Overfull \hbox (2.86229pt too wide) in paragraph at lines 265--265
[]|\EU1/TimesNewRoman(0)/m/n/10.95 ARIMA(3,1,0)| 
 []


Overfull \hbox (2.86229pt too wide) in paragraph at lines 266--266
[]|\EU1/TimesNewRoman(0)/m/n/10.95 ARIMA(4,1,0)| 
 []

File: Images/C-5/cpuusage.png Graphic file (type QTm)
<use  "Images/C-5/cpuusage.png" >
Underfull \vbox (badness 2913) has occurred while \output is active []

 [68]
Overfull \hbox (2.86229pt too wide) in paragraph at lines 293--293
[]|\EU1/TimesNewRoman(0)/m/n/10.95 ARIMA(1,1,0)| 
 []


Overfull \hbox (1.55699pt too wide) in paragraph at lines 293--293
[]|\EU1/TimesNewRoman(0)/m/n/10.95 130.79| 
 []


Overfull \hbox (1.55699pt too wide) in paragraph at lines 293--293
[]|\EU1/TimesNewRoman(0)/m/n/10.95 120.14| 
 []


Overfull \hbox (1.55699pt too wide) in paragraph at lines 293--293
[]|\EU1/TimesNewRoman(0)/m/n/10.95 157.73| 
 []


Overfull \hbox (2.86229pt too wide) in paragraph at lines 294--294
[]|\EU1/TimesNewRoman(0)/m/n/10.95 ARIMA(2,1,0)| 
 []


Overfull \hbox (1.55699pt too wide) in paragraph at lines 294--294
[]|\EU1/TimesNewRoman(0)/m/n/10.95 123.47| 
 []


Overfull \hbox (1.55699pt too wide) in paragraph at lines 294--294
[]|\EU1/TimesNewRoman(0)/m/n/10.95 156.64| 
 []


Overfull \hbox (1.55699pt too wide) in paragraph at lines 294--294
[]|\EU1/TimesNewRoman(0)/m/n/10.95 158.33| 
 []


Overfull \hbox (2.86229pt too wide) in paragraph at lines 295--295
[]|\EU1/TimesNewRoman(0)/m/n/10.95 ARIMA(3,1,0)| 
 []


Overfull \hbox (1.55699pt too wide) in paragraph at lines 295--295
[]|\EU1/TimesNewRoman(0)/m/n/10.95 125.56| 
 []


Overfull \hbox (1.55699pt too wide) in paragraph at lines 295--295
[]|\EU1/TimesNewRoman(0)/m/n/10.95 144.42| 
 []


Overfull \hbox (1.55699pt too wide) in paragraph at lines 295--295
[]|\EU1/TimesNewRoman(0)/m/n/10.95 152.14| 
 []


Overfull \hbox (2.86229pt too wide) in paragraph at lines 296--296
[]|\EU1/TimesNewRoman(0)/m/n/10.95 ARIMA(4,1,0)| 
 []


Overfull \hbox (1.55699pt too wide) in paragraph at lines 296--296
[]|\EU1/TimesNewRoman(0)/m/n/10.95 117.39| 
 []


Overfull \hbox (1.55699pt too wide) in paragraph at lines 296--296
[]|\EU1/TimesNewRoman(0)/m/n/10.95 149.76| 
 []


Overfull \hbox (1.55699pt too wide) in paragraph at lines 296--296
[]|\EU1/TimesNewRoman(0)/m/n/10.95 158.71| 
 []

File: Images/C-5/memoryusage.png Graphic file (type QTm)
<use  "Images/C-5/memoryusage.png" > [69]
Overfull \hbox (2.86229pt too wide) in paragraph at lines 323--323
[]|\EU1/TimesNewRoman(0)/m/n/10.95 ARIMA(1,1,0)| 
 []


Overfull \hbox (5.29457pt too wide) in paragraph at lines 323--323
[]|\EU1/TimesNewRoman(0)/m/n/10.95 12.85%| 
 []


Overfull \hbox (5.29457pt too wide) in paragraph at lines 323--323
[]|\EU1/TimesNewRoman(0)/m/n/10.95 12.54%| 
 []


Overfull \hbox (5.29457pt too wide) in paragraph at lines 323--323
[]|\EU1/TimesNewRoman(0)/m/n/10.95 13.38%| 
 []


Overfull \hbox (2.86229pt too wide) in paragraph at lines 324--324
[]|\EU1/TimesNewRoman(0)/m/n/10.95 ARIMA(2,1,0)| 
 []


Overfull \hbox (5.29457pt too wide) in paragraph at lines 324--324
[]|\EU1/TimesNewRoman(0)/m/n/10.95 10.68%| 
 []


Overfull \hbox (2.86229pt too wide) in paragraph at lines 325--325
[]|\EU1/TimesNewRoman(0)/m/n/10.95 ARIMA(3,1,0)| 
 []


Overfull \hbox (5.29457pt too wide) in paragraph at lines 325--325
[]|\EU1/TimesNewRoman(0)/m/n/10.95 10.02%| 
 []


Overfull \hbox (5.29457pt too wide) in paragraph at lines 325--325
[]|\EU1/TimesNewRoman(0)/m/n/10.95 13.22%| 
 []


Overfull \hbox (5.29457pt too wide) in paragraph at lines 325--325
[]|\EU1/TimesNewRoman(0)/m/n/10.95 12.24%| 
 []


Overfull \hbox (2.86229pt too wide) in paragraph at lines 326--326
[]|\EU1/TimesNewRoman(0)/m/n/10.95 ARIMA(4,1,0)| 
 []

File: Images/C-5/errorratio.png Graphic file (type QTm)
<use  "Images/C-5/errorratio.png" >) (./chapters/6-Penutup.tex [70] [71]
[72

]
BAB VI.
[73]) (./main.bbl [74]) (./chapters/7-Lampiran_A.tex [75

] [76

]
Lampiran A.
[77] [78] [79]
Underfull \vbox (badness 10000) has occurred while \output is active []

 [80]
[81] [82] [83]
Underfull \vbox (badness 10000) has occurred while \output is active []

 [84]
[85] [86]) (./chapters/8-Lampiran_B.tex [87] [88

]
Lampiran B.

Underfull \vbox (badness 3919) has occurred while \output is active []

 [89])
[90]
File: Images/MFR.jpg Graphic file (type QTm)
 <use  "Images/MFR.jpg" >
Package atveryend Info: Empty hook `BeforeClearDocument' on input line 53.
 [91


]
Package atveryend Info: Empty hook `AfterLastShipout' on input line 53.
 (./main.aux)
Package atveryend Info: Empty hook `AtVeryEndDocument' on input line 53.
Package atveryend Info: Empty hook `AtEndAfterFileList' on input line 53.


LaTeX Warning: There were multiply-defined labels.

 ) 
Here is how much of TeX's memory you used:
 27762 strings out of 493638
 484428 string characters out of 6146796
 617660 words of memory out of 5000000
 30792 multiletter control sequences out of 15000+600000
 7051 words of font info for 63 fonts, out of 8000000 for 9000
 1328 hyphenation exceptions out of 8191
 55i,12n,63p,10396b,1830s stack positions out of 5000i,500n,10000p,200000b,80000s

Output written on main.pdf (115 pages).
